<?xml version="1.0" encoding="UTF-8"?>
<testsuite xmlns:xsi="http://www.w3.org/2001/XMLSchema-instance" xsi:noNamespaceSchemaLocation="https://maven.apache.org/surefire/maven-surefire-plugin/xsd/surefire-test-report.xsd" name="TestSuite" time="88.521" tests="1" errors="0" skipped="0" failures="1">
  <properties>
    <property name="gopherProxySet" value="false"/>
    <property name="awt.toolkit" value="sun.lwawt.macosx.LWCToolkit"/>
    <property name="java.specification.version" value="11"/>
    <property name="sun.cpu.isalist" value=""/>
    <property name="sun.jnu.encoding" value="UTF-8"/>
    <property name="java.class.path" value="/Users/fdn-prasetyo/.m2/repository/org/apache/maven/surefire/surefire-booter/2.22.0/surefire-booter-2.22.0.jar:/Users/fdn-prasetyo/.m2/repository/org/apache/maven/surefire/surefire-api/2.22.0/surefire-api-2.22.0.jar:/Users/fdn-prasetyo/.m2/repository/org/apache/maven/surefire/surefire-logger-api/2.22.0/surefire-logger-api-2.22.0.jar:/Users/fdn-prasetyo/Documents/Automation/fdn.bdd.android/target/test-classes:/Users/fdn-prasetyo/Documents/Automation/fdn.bdd.android/target/classes:/Users/fdn-prasetyo/.m2/repository/org/seleniumhq/selenium/selenium-java/3.12.0/selenium-java-3.12.0.jar:/Users/fdn-prasetyo/.m2/repository/org/seleniumhq/selenium/selenium-api/3.12.0/selenium-api-3.12.0.jar:/Users/fdn-prasetyo/.m2/repository/org/seleniumhq/selenium/selenium-chrome-driver/3.12.0/selenium-chrome-driver-3.12.0.jar:/Users/fdn-prasetyo/.m2/repository/org/seleniumhq/selenium/selenium-edge-driver/3.12.0/selenium-edge-driver-3.12.0.jar:/Users/fdn-prasetyo/.m2/repository/org/seleniumhq/selenium/selenium-firefox-driver/3.12.0/selenium-firefox-driver-3.12.0.jar:/Users/fdn-prasetyo/.m2/repository/org/seleniumhq/selenium/selenium-ie-driver/3.12.0/selenium-ie-driver-3.12.0.jar:/Users/fdn-prasetyo/.m2/repository/org/seleniumhq/selenium/selenium-opera-driver/3.12.0/selenium-opera-driver-3.12.0.jar:/Users/fdn-prasetyo/.m2/repository/org/seleniumhq/selenium/selenium-remote-driver/3.12.0/selenium-remote-driver-3.12.0.jar:/Users/fdn-prasetyo/.m2/repository/org/seleniumhq/selenium/selenium-safari-driver/3.12.0/selenium-safari-driver-3.12.0.jar:/Users/fdn-prasetyo/.m2/repository/org/seleniumhq/selenium/selenium-support/3.12.0/selenium-support-3.12.0.jar:/Users/fdn-prasetyo/.m2/repository/net/bytebuddy/byte-buddy/1.8.3/byte-buddy-1.8.3.jar:/Users/fdn-prasetyo/.m2/repository/org/apache/commons/commons-exec/1.3/commons-exec-1.3.jar:/Users/fdn-prasetyo/.m2/repository/commons-codec/commons-codec/1.10/commons-codec-1.10.jar:/Users/fdn-prasetyo/.m2/repository/commons-logging/commons-logging/1.2/commons-logging-1.2.jar:/Users/fdn-prasetyo/.m2/repository/com/google/code/gson/gson/2.8.2/gson-2.8.2.jar:/Users/fdn-prasetyo/.m2/repository/org/apache/httpcomponents/httpclient/4.5.3/httpclient-4.5.3.jar:/Users/fdn-prasetyo/.m2/repository/org/apache/httpcomponents/httpcore/4.4.6/httpcore-4.4.6.jar:/Users/fdn-prasetyo/.m2/repository/com/squareup/okhttp3/okhttp/3.9.1/okhttp-3.9.1.jar:/Users/fdn-prasetyo/.m2/repository/com/squareup/okio/okio/1.13.0/okio-1.13.0.jar:/Users/fdn-prasetyo/.m2/repository/junit/junit/4.12/junit-4.12.jar:/Users/fdn-prasetyo/.m2/repository/org/hamcrest/hamcrest-core/1.3/hamcrest-core-1.3.jar:/Users/fdn-prasetyo/.m2/repository/mysql/mysql-connector-java/5.1.6/mysql-connector-java-5.1.6.jar:/Users/fdn-prasetyo/.m2/repository/io/appium/java-client/6.1.0/java-client-6.1.0.jar:/Users/fdn-prasetyo/.m2/repository/cglib/cglib/3.2.6/cglib-3.2.6.jar:/Users/fdn-prasetyo/.m2/repository/org/ow2/asm/asm/6.0/asm-6.0.jar:/Users/fdn-prasetyo/.m2/repository/org/apache/ant/ant/1.9.6/ant-1.9.6.jar:/Users/fdn-prasetyo/.m2/repository/org/apache/ant/ant-launcher/1.9.6/ant-launcher-1.9.6.jar:/Users/fdn-prasetyo/.m2/repository/commons-validator/commons-validator/1.6/commons-validator-1.6.jar:/Users/fdn-prasetyo/.m2/repository/commons-beanutils/commons-beanutils/1.9.2/commons-beanutils-1.9.2.jar:/Users/fdn-prasetyo/.m2/repository/commons-digester/commons-digester/1.8.1/commons-digester-1.8.1.jar:/Users/fdn-prasetyo/.m2/repository/commons-collections/commons-collections/3.2.2/commons-collections-3.2.2.jar:/Users/fdn-prasetyo/.m2/repository/org/apache/commons/commons-lang3/3.7/commons-lang3-3.7.jar:/Users/fdn-prasetyo/.m2/repository/org/springframework/spring-context/5.0.5.RELEASE/spring-context-5.0.5.RELEASE.jar:/Users/fdn-prasetyo/.m2/repository/org/springframework/spring-aop/5.0.5.RELEASE/spring-aop-5.0.5.RELEASE.jar:/Users/fdn-prasetyo/.m2/repository/org/springframework/spring-beans/5.0.5.RELEASE/spring-beans-5.0.5.RELEASE.jar:/Users/fdn-prasetyo/.m2/repository/org/springframework/spring-core/5.0.5.RELEASE/spring-core-5.0.5.RELEASE.jar:/Users/fdn-prasetyo/.m2/repository/org/springframework/spring-jcl/5.0.5.RELEASE/spring-jcl-5.0.5.RELEASE.jar:/Users/fdn-prasetyo/.m2/repository/org/springframework/spring-expression/5.0.5.RELEASE/spring-expression-5.0.5.RELEASE.jar:/Users/fdn-prasetyo/.m2/repository/org/aspectj/aspectjweaver/1.9.1/aspectjweaver-1.9.1.jar:/Users/fdn-prasetyo/.m2/repository/org/openpnp/opencv/3.2.0-1/opencv-3.2.0-1.jar:/Users/fdn-prasetyo/.m2/repository/org/testng/testng/6.14.3/testng-6.14.3.jar:/Users/fdn-prasetyo/.m2/repository/com/beust/jcommander/1.72/jcommander-1.72.jar:/Users/fdn-prasetyo/.m2/repository/org/apache-extras/beanshell/bsh/2.0b6/bsh-2.0b6.jar:/Users/fdn-prasetyo/.m2/repository/com/github/javafaker/javafaker/0.16/javafaker-0.16.jar:/Users/fdn-prasetyo/.m2/repository/org/yaml/snakeyaml/1.20/snakeyaml-1.20-android.jar:/Users/fdn-prasetyo/.m2/repository/com/github/mifmif/generex/1.0.2/generex-1.0.2.jar:/Users/fdn-prasetyo/.m2/repository/dk/brics/automaton/automaton/1.11-8/automaton-1.11-8.jar:/Users/fdn-prasetyo/.m2/repository/log4j/log4j/1.2.17/log4j-1.2.17.jar:/Users/fdn-prasetyo/.m2/repository/com/google/guava/guava/21.0/guava-21.0.jar:/Users/fdn-prasetyo/.m2/repository/com/aventstack/extentreports/4.0.9/extentreports-4.0.9.jar:/Users/fdn-prasetyo/.m2/repository/org/mongodb/mongodb-driver/3.3.0/mongodb-driver-3.3.0.jar:/Users/fdn-prasetyo/.m2/repository/org/mongodb/mongodb-driver-core/3.3.0/mongodb-driver-core-3.3.0.jar:/Users/fdn-prasetyo/.m2/repository/org/mongodb/bson/3.3.0/bson-3.3.0.jar:/Users/fdn-prasetyo/.m2/repository/org/apache/httpcomponents/httpmime/4.5.2/httpmime-4.5.2.jar:/Users/fdn-prasetyo/.m2/repository/info/cukes/cucumber-junit/1.2.5/cucumber-junit-1.2.5.jar:/Users/fdn-prasetyo/.m2/repository/info/cukes/cucumber-core/1.2.5/cucumber-core-1.2.5.jar:/Users/fdn-prasetyo/.m2/repository/info/cukes/cucumber-html/0.2.3/cucumber-html-0.2.3.jar:/Users/fdn-prasetyo/.m2/repository/info/cukes/cucumber-java/1.2.5/cucumber-java-1.2.5.jar:/Users/fdn-prasetyo/.m2/repository/info/cukes/cucumber-jvm-deps/1.0.5/cucumber-jvm-deps-1.0.5.jar:/Users/fdn-prasetyo/.m2/repository/info/cukes/gherkin/2.12.2/gherkin-2.12.2.jar:/Users/fdn-prasetyo/.m2/repository/org/hamcrest/hamcrest-all/1.3/hamcrest-all-1.3.jar:/Users/fdn-prasetyo/.m2/repository/info/cukes/cucumber-picocontainer/1.2.5/cucumber-picocontainer-1.2.5.jar:/Users/fdn-prasetyo/.m2/repository/org/picocontainer/picocontainer/2.15/picocontainer-2.15.jar:/Users/fdn-prasetyo/.m2/repository/info/cukes/cucumber-testng/1.2.5/cucumber-testng-1.2.5.jar:/Users/fdn-prasetyo/.m2/repository/org/freemarker/freemarker/2.3.26-incubating/freemarker-2.3.26-incubating.jar:/Users/fdn-prasetyo/.m2/repository/net/masterthought/cucumber-reporting/3.6.0/cucumber-reporting-3.6.0.jar:/Users/fdn-prasetyo/.m2/repository/org/apache/logging/log4j/log4j-api/2.6/log4j-api-2.6.jar:/Users/fdn-prasetyo/.m2/repository/org/apache/logging/log4j/log4j-core/2.6/log4j-core-2.6.jar:/Users/fdn-prasetyo/.m2/repository/com/fasterxml/jackson/core/jackson-databind/2.8.5/jackson-databind-2.8.5.jar:/Users/fdn-prasetyo/.m2/repository/com/fasterxml/jackson/core/jackson-annotations/2.8.0/jackson-annotations-2.8.0.jar:/Users/fdn-prasetyo/.m2/repository/com/fasterxml/jackson/core/jackson-core/2.8.5/jackson-core-2.8.5.jar:/Users/fdn-prasetyo/.m2/repository/org/apache/velocity/velocity/1.7/velocity-1.7.jar:/Users/fdn-prasetyo/.m2/repository/commons-lang/commons-lang/2.4/commons-lang-2.4.jar:/Users/fdn-prasetyo/.m2/repository/velocity-tools/velocity-tools/1.4/velocity-tools-1.4.jar:/Users/fdn-prasetyo/.m2/repository/joda-time/joda-time/2.9.6/joda-time-2.9.6.jar:/Users/fdn-prasetyo/.m2/repository/net/lingala/zip4j/zip4j/1.3.2/zip4j-1.3.2.jar:/Users/fdn-prasetyo/.m2/repository/org/codehaus/plexus/plexus-utils/3.0.24/plexus-utils-3.0.24.jar:/Users/fdn-prasetyo/.m2/repository/org/jsoup/jsoup/1.10.1/jsoup-1.10.1.jar:/Users/fdn-prasetyo/.m2/repository/com/vimalselvam/cucumber-extentsreport/3.0.2/cucumber-extentsreport-3.0.2.jar:/Users/fdn-prasetyo/.m2/repository/commons-io/commons-io/2.6/commons-io-2.6.jar:/Users/fdn-prasetyo/.m2/repository/org/apache/maven/surefire/surefire-testng-utils/2.22.0/surefire-testng-utils-2.22.0.jar:/Users/fdn-prasetyo/.m2/repository/org/apache/maven/surefire/surefire-grouper/2.22.0/surefire-grouper-2.22.0.jar:/Users/fdn-prasetyo/.m2/repository/org/apache/maven/surefire/surefire-testng/2.22.0/surefire-testng-2.22.0.jar:/Users/fdn-prasetyo/.m2/repository/org/apache/maven/surefire/common-java5/2.22.0/common-java5-2.22.0.jar"/>
    <property name="java.vm.vendor" value="Oracle Corporation"/>
    <property name="sun.arch.data.model" value="64"/>
    <property name="java.vendor.url" value="http://java.oracle.com/"/>
    <property name="user.timezone" value=""/>
    <property name="java.vm.specification.version" value="11"/>
    <property name="os.name" value="Mac OS X"/>
    <property name="sun.java.launcher" value="SUN_STANDARD"/>
    <property name="user.country" value="ID"/>
    <property name="sun.boot.library.path" value="/Library/Java/JavaVirtualMachines/jdk-11.0.4.jdk/Contents/Home/lib"/>
    <property name="sun.java.command" value="org.apache.maven.surefire.booter.ForkedBooter /Users/fdn-prasetyo/Documents/Automation/fdn.bdd.android/target/surefire 2019-12-27T18-50-18_684-jvmRun1 surefire190716674950129101tmp surefire_05150519652028057275tmp"/>
    <property name="http.nonProxyHosts" value="local|*.local|169.254/16|*.169.254/16"/>
    <property name="jdk.debug" value="release"/>
    <property name="surefire.test.class.path" value="/Users/fdn-prasetyo/Documents/Automation/fdn.bdd.android/target/test-classes:/Users/fdn-prasetyo/Documents/Automation/fdn.bdd.android/target/classes:/Users/fdn-prasetyo/.m2/repository/org/seleniumhq/selenium/selenium-java/3.12.0/selenium-java-3.12.0.jar:/Users/fdn-prasetyo/.m2/repository/org/seleniumhq/selenium/selenium-api/3.12.0/selenium-api-3.12.0.jar:/Users/fdn-prasetyo/.m2/repository/org/seleniumhq/selenium/selenium-chrome-driver/3.12.0/selenium-chrome-driver-3.12.0.jar:/Users/fdn-prasetyo/.m2/repository/org/seleniumhq/selenium/selenium-edge-driver/3.12.0/selenium-edge-driver-3.12.0.jar:/Users/fdn-prasetyo/.m2/repository/org/seleniumhq/selenium/selenium-firefox-driver/3.12.0/selenium-firefox-driver-3.12.0.jar:/Users/fdn-prasetyo/.m2/repository/org/seleniumhq/selenium/selenium-ie-driver/3.12.0/selenium-ie-driver-3.12.0.jar:/Users/fdn-prasetyo/.m2/repository/org/seleniumhq/selenium/selenium-opera-driver/3.12.0/selenium-opera-driver-3.12.0.jar:/Users/fdn-prasetyo/.m2/repository/org/seleniumhq/selenium/selenium-remote-driver/3.12.0/selenium-remote-driver-3.12.0.jar:/Users/fdn-prasetyo/.m2/repository/org/seleniumhq/selenium/selenium-safari-driver/3.12.0/selenium-safari-driver-3.12.0.jar:/Users/fdn-prasetyo/.m2/repository/org/seleniumhq/selenium/selenium-support/3.12.0/selenium-support-3.12.0.jar:/Users/fdn-prasetyo/.m2/repository/net/bytebuddy/byte-buddy/1.8.3/byte-buddy-1.8.3.jar:/Users/fdn-prasetyo/.m2/repository/org/apache/commons/commons-exec/1.3/commons-exec-1.3.jar:/Users/fdn-prasetyo/.m2/repository/commons-codec/commons-codec/1.10/commons-codec-1.10.jar:/Users/fdn-prasetyo/.m2/repository/commons-logging/commons-logging/1.2/commons-logging-1.2.jar:/Users/fdn-prasetyo/.m2/repository/com/google/code/gson/gson/2.8.2/gson-2.8.2.jar:/Users/fdn-prasetyo/.m2/repository/org/apache/httpcomponents/httpclient/4.5.3/httpclient-4.5.3.jar:/Users/fdn-prasetyo/.m2/repository/org/apache/httpcomponents/httpcore/4.4.6/httpcore-4.4.6.jar:/Users/fdn-prasetyo/.m2/repository/com/squareup/okhttp3/okhttp/3.9.1/okhttp-3.9.1.jar:/Users/fdn-prasetyo/.m2/repository/com/squareup/okio/okio/1.13.0/okio-1.13.0.jar:/Users/fdn-prasetyo/.m2/repository/junit/junit/4.12/junit-4.12.jar:/Users/fdn-prasetyo/.m2/repository/org/hamcrest/hamcrest-core/1.3/hamcrest-core-1.3.jar:/Users/fdn-prasetyo/.m2/repository/mysql/mysql-connector-java/5.1.6/mysql-connector-java-5.1.6.jar:/Users/fdn-prasetyo/.m2/repository/io/appium/java-client/6.1.0/java-client-6.1.0.jar:/Users/fdn-prasetyo/.m2/repository/cglib/cglib/3.2.6/cglib-3.2.6.jar:/Users/fdn-prasetyo/.m2/repository/org/ow2/asm/asm/6.0/asm-6.0.jar:/Users/fdn-prasetyo/.m2/repository/org/apache/ant/ant/1.9.6/ant-1.9.6.jar:/Users/fdn-prasetyo/.m2/repository/org/apache/ant/ant-launcher/1.9.6/ant-launcher-1.9.6.jar:/Users/fdn-prasetyo/.m2/repository/commons-validator/commons-validator/1.6/commons-validator-1.6.jar:/Users/fdn-prasetyo/.m2/repository/commons-beanutils/commons-beanutils/1.9.2/commons-beanutils-1.9.2.jar:/Users/fdn-prasetyo/.m2/repository/commons-digester/commons-digester/1.8.1/commons-digester-1.8.1.jar:/Users/fdn-prasetyo/.m2/repository/commons-collections/commons-collections/3.2.2/commons-collections-3.2.2.jar:/Users/fdn-prasetyo/.m2/repository/org/apache/commons/commons-lang3/3.7/commons-lang3-3.7.jar:/Users/fdn-prasetyo/.m2/repository/org/springframework/spring-context/5.0.5.RELEASE/spring-context-5.0.5.RELEASE.jar:/Users/fdn-prasetyo/.m2/repository/org/springframework/spring-aop/5.0.5.RELEASE/spring-aop-5.0.5.RELEASE.jar:/Users/fdn-prasetyo/.m2/repository/org/springframework/spring-beans/5.0.5.RELEASE/spring-beans-5.0.5.RELEASE.jar:/Users/fdn-prasetyo/.m2/repository/org/springframework/spring-core/5.0.5.RELEASE/spring-core-5.0.5.RELEASE.jar:/Users/fdn-prasetyo/.m2/repository/org/springframework/spring-jcl/5.0.5.RELEASE/spring-jcl-5.0.5.RELEASE.jar:/Users/fdn-prasetyo/.m2/repository/org/springframework/spring-expression/5.0.5.RELEASE/spring-expression-5.0.5.RELEASE.jar:/Users/fdn-prasetyo/.m2/repository/org/aspectj/aspectjweaver/1.9.1/aspectjweaver-1.9.1.jar:/Users/fdn-prasetyo/.m2/repository/org/openpnp/opencv/3.2.0-1/opencv-3.2.0-1.jar:/Users/fdn-prasetyo/.m2/repository/org/testng/testng/6.14.3/testng-6.14.3.jar:/Users/fdn-prasetyo/.m2/repository/com/beust/jcommander/1.72/jcommander-1.72.jar:/Users/fdn-prasetyo/.m2/repository/org/apache-extras/beanshell/bsh/2.0b6/bsh-2.0b6.jar:/Users/fdn-prasetyo/.m2/repository/com/github/javafaker/javafaker/0.16/javafaker-0.16.jar:/Users/fdn-prasetyo/.m2/repository/org/yaml/snakeyaml/1.20/snakeyaml-1.20-android.jar:/Users/fdn-prasetyo/.m2/repository/com/github/mifmif/generex/1.0.2/generex-1.0.2.jar:/Users/fdn-prasetyo/.m2/repository/dk/brics/automaton/automaton/1.11-8/automaton-1.11-8.jar:/Users/fdn-prasetyo/.m2/repository/log4j/log4j/1.2.17/log4j-1.2.17.jar:/Users/fdn-prasetyo/.m2/repository/com/google/guava/guava/21.0/guava-21.0.jar:/Users/fdn-prasetyo/.m2/repository/com/aventstack/extentreports/4.0.9/extentreports-4.0.9.jar:/Users/fdn-prasetyo/.m2/repository/org/mongodb/mongodb-driver/3.3.0/mongodb-driver-3.3.0.jar:/Users/fdn-prasetyo/.m2/repository/org/mongodb/mongodb-driver-core/3.3.0/mongodb-driver-core-3.3.0.jar:/Users/fdn-prasetyo/.m2/repository/org/mongodb/bson/3.3.0/bson-3.3.0.jar:/Users/fdn-prasetyo/.m2/repository/org/apache/httpcomponents/httpmime/4.5.2/httpmime-4.5.2.jar:/Users/fdn-prasetyo/.m2/repository/info/cukes/cucumber-junit/1.2.5/cucumber-junit-1.2.5.jar:/Users/fdn-prasetyo/.m2/repository/info/cukes/cucumber-core/1.2.5/cucumber-core-1.2.5.jar:/Users/fdn-prasetyo/.m2/repository/info/cukes/cucumber-html/0.2.3/cucumber-html-0.2.3.jar:/Users/fdn-prasetyo/.m2/repository/info/cukes/cucumber-java/1.2.5/cucumber-java-1.2.5.jar:/Users/fdn-prasetyo/.m2/repository/info/cukes/cucumber-jvm-deps/1.0.5/cucumber-jvm-deps-1.0.5.jar:/Users/fdn-prasetyo/.m2/repository/info/cukes/gherkin/2.12.2/gherkin-2.12.2.jar:/Users/fdn-prasetyo/.m2/repository/org/hamcrest/hamcrest-all/1.3/hamcrest-all-1.3.jar:/Users/fdn-prasetyo/.m2/repository/info/cukes/cucumber-picocontainer/1.2.5/cucumber-picocontainer-1.2.5.jar:/Users/fdn-prasetyo/.m2/repository/org/picocontainer/picocontainer/2.15/picocontainer-2.15.jar:/Users/fdn-prasetyo/.m2/repository/info/cukes/cucumber-testng/1.2.5/cucumber-testng-1.2.5.jar:/Users/fdn-prasetyo/.m2/repository/org/freemarker/freemarker/2.3.26-incubating/freemarker-2.3.26-incubating.jar:/Users/fdn-prasetyo/.m2/repository/net/masterthought/cucumber-reporting/3.6.0/cucumber-reporting-3.6.0.jar:/Users/fdn-prasetyo/.m2/repository/org/apache/logging/log4j/log4j-api/2.6/log4j-api-2.6.jar:/Users/fdn-prasetyo/.m2/repository/org/apache/logging/log4j/log4j-core/2.6/log4j-core-2.6.jar:/Users/fdn-prasetyo/.m2/repository/com/fasterxml/jackson/core/jackson-databind/2.8.5/jackson-databind-2.8.5.jar:/Users/fdn-prasetyo/.m2/repository/com/fasterxml/jackson/core/jackson-annotations/2.8.0/jackson-annotations-2.8.0.jar:/Users/fdn-prasetyo/.m2/repository/com/fasterxml/jackson/core/jackson-core/2.8.5/jackson-core-2.8.5.jar:/Users/fdn-prasetyo/.m2/repository/org/apache/velocity/velocity/1.7/velocity-1.7.jar:/Users/fdn-prasetyo/.m2/repository/commons-lang/commons-lang/2.4/commons-lang-2.4.jar:/Users/fdn-prasetyo/.m2/repository/velocity-tools/velocity-tools/1.4/velocity-tools-1.4.jar:/Users/fdn-prasetyo/.m2/repository/joda-time/joda-time/2.9.6/joda-time-2.9.6.jar:/Users/fdn-prasetyo/.m2/repository/net/lingala/zip4j/zip4j/1.3.2/zip4j-1.3.2.jar:/Users/fdn-prasetyo/.m2/repository/org/codehaus/plexus/plexus-utils/3.0.24/plexus-utils-3.0.24.jar:/Users/fdn-prasetyo/.m2/repository/org/jsoup/jsoup/1.10.1/jsoup-1.10.1.jar:/Users/fdn-prasetyo/.m2/repository/com/vimalselvam/cucumber-extentsreport/3.0.2/cucumber-extentsreport-3.0.2.jar:/Users/fdn-prasetyo/.m2/repository/commons-io/commons-io/2.6/commons-io-2.6.jar:/Users/fdn-prasetyo/.m2/repository/org/apache/maven/surefire/surefire-testng-utils/2.22.0/surefire-testng-utils-2.22.0.jar:/Users/fdn-prasetyo/.m2/repository/org/apache/maven/surefire/surefire-grouper/2.22.0/surefire-grouper-2.22.0.jar:"/>
    <property name="sun.cpu.endian" value="little"/>
    <property name="user.home" value="/Users/fdn-prasetyo"/>
    <property name="user.language" value="en"/>
    <property name="java.specification.vendor" value="Oracle Corporation"/>
    <property name="java.version.date" value="2019-07-16"/>
    <property name="java.home" value="/Library/Java/JavaVirtualMachines/jdk-11.0.4.jdk/Contents/Home"/>
    <property name="file.separator" value="/"/>
    <property name="basedir" value="/Users/fdn-prasetyo/Documents/Automation/fdn.bdd.android"/>
    <property name="java.vm.compressedOopsMode" value="Zero based"/>
    <property name="line.separator" value="&#10;"/>
    <property name="java.specification.name" value="Java Platform API Specification"/>
    <property name="java.vm.specification.vendor" value="Oracle Corporation"/>
    <property name="java.awt.graphicsenv" value="sun.awt.CGraphicsEnvironment"/>
    <property name="sun.management.compiler" value="HotSpot 64-Bit Tiered Compilers"/>
    <property name="ftp.nonProxyHosts" value="local|*.local|169.254/16|*.169.254/16"/>
    <property name="java.runtime.version" value="11.0.4+10-LTS"/>
    <property name="user.name" value="fdn-prasetyo"/>
    <property name="path.separator" value=":"/>
    <property name="os.version" value="10.15.1"/>
    <property name="java.runtime.name" value="Java(TM) SE Runtime Environment"/>
    <property name="file.encoding" value="UTF-8"/>
    <property name="java.vm.name" value="Java HotSpot(TM) 64-Bit Server VM"/>
    <property name="java.vendor.version" value="18.9"/>
    <property name="localRepository" value="/Users/fdn-prasetyo/.m2/repository"/>
    <property name="cucumber.options" value="--tags @android"/>
    <property name="java.vendor.url.bug" value="http://bugreport.java.com/bugreport/"/>
    <property name="java.io.tmpdir" value="/var/folders/vx/sygvmqrn1w728zqkfnvbl4300000gn/T/"/>
    <property name="java.version" value="11.0.4"/>
    <property name="user.dir" value="/Users/fdn-prasetyo/Documents/Automation/fdn.bdd.android"/>
    <property name="os.arch" value="x86_64"/>
    <property name="java.vm.specification.name" value="Java Virtual Machine Specification"/>
    <property name="java.awt.printerjob" value="sun.lwawt.macosx.CPrinterJob"/>
    <property name="sun.os.patch.level" value="unknown"/>
    <property name="java.library.path" value="/Users/fdn-prasetyo/Library/Java/Extensions:/Library/Java/Extensions:/Network/Library/Java/Extensions:/System/Library/Java/Extensions:/usr/lib/java:."/>
    <property name="java.vendor" value="Oracle Corporation"/>
    <property name="java.vm.info" value="mixed mode"/>
    <property name="java.vm.version" value="11.0.4+10-LTS"/>
    <property name="sun.io.unicode.encoding" value="UnicodeBig"/>
    <property name="java.class.version" value="55.0"/>
    <property name="socksNonProxyHosts" value="local|*.local|169.254/16|*.169.254/16"/>
  </properties>
  <testcase name="feature" classname="runner.MainRunner" time="86.749">
    <failure message="org.openqa.selenium.TimeoutException: Expected condition failed: waiting for visibility of Located by By.chained({By.id: com.fdbr.android.debug:id/labelHello}) (tried for 10 second(s) with 500 milliseconds interval)" type="cucumber.runtime.CucumberException">cucumber.runtime.CucumberException: org.openqa.selenium.TimeoutException: Expected condition failed: waiting for visibility of Located by By.chained({By.id: com.fdbr.android.debug:id/labelHello}) (tried for 10 second(s) with 500 milliseconds interval)
Caused by: org.openqa.selenium.TimeoutException: Expected condition failed: waiting for visibility of Located by By.chained({By.id: com.fdbr.android.debug:id/labelHello}) (tried for 10 second(s) with 500 milliseconds interval)
Caused by: org.openqa.selenium.NoSuchElementException: Can't locate an element by this strategy: By.chained({By.id: com.fdbr.android.debug:id/labelHello})
Caused by: org.openqa.selenium.TimeoutException: Expected condition failed: waiting for io.appium.java_client.pagefactory.AppiumElementLocator$WaitingFunction@7555000d (tried for 1 second(s) with 500 milliseconds interval)
Caused by: org.openqa.selenium.NoSuchElementException: 
Cannot locate an element using By.chained({By.id: com.fdbr.android.debug:id/labelHello})
For documentation on this error, please visit: http://seleniumhq.org/exceptions/no_such_element.html
Build info: version: '3.12.0', revision: '7c6e0b3', time: '2018-05-08T14:04:26.12Z'
System info: host: 'FDN-Prasetyos-MacBook-Pro.local', ip: 'fe80:0:0:0:1cbb:860e:c81a:c7c5%en0', os.name: 'Mac OS X', os.arch: 'x86_64', os.version: '10.15.1', java.version: '11.0.4'
Driver info: driver.version: AndroidDriver
</failure>
    <system-out><![CDATA[Feature: Login into account
  
  In order to perform sucessfull login
  As user that have complete profile
  I should see greeting text, search bar, notification, ads

  @android
  Scenario Outline: Login to account with credentials               # Login.feature:8
    Given User navigates to onboarding screen by swipe
    When User click login button on onboarding screen
    Then User input "<username>" username and "<password>" password
    When User click login button on login screen
    Then User should be directed to homescreen
    And User can see product matches

    Examples: 
Appium server stopped
Appium server started
Appium server stopped
Appium server stopped

  @android
  Scenario Outline: Login to account with credentials          # Login.feature:18
    Given User navigates to onboarding screen by swipe         # OnBoardingSteps.user_navigates_to_onboarding_screen_by_swipe()
    When User click login button on onboarding screen          # OnBoardingSteps.user_click_login_button_on_onboarding_screen()
    Then User input "putwid" username and "tester123" password # LoginSteps.user_input_something_username_and_something_password(String,String)
    When User click login button on login screen               # LoginSteps.user_click_login_button_on_login_screen()
    Then User should be directed to homescreen                 # LoginSteps.User_should_be_directed_to_homescreen()
      org.openqa.selenium.TimeoutException: Expected condition failed: waiting for visibility of Located by By.chained({By.id: com.fdbr.android.debug:id/labelHello}) (tried for 10 second(s) with 500 milliseconds interval)
      	at org.openqa.selenium.support.ui.WebDriverWait.timeoutException(WebDriverWait.java:81)
      	at org.openqa.selenium.support.ui.FluentWait.until(FluentWait.java:271)
      	at pageObjects.ActionBase.isElementPresent(ActionBase.java:45)
      	at pageObjects.HomeScreen.verifyHomescreen(HomeScreen.java:88)
      	at stepDefinitions.LoginSteps.User_should_be_directed_to_homescreen(LoginSteps.java:29)
      	at ✽.Then User should be directed to homescreen(Login.feature:13)
      Caused by: org.openqa.selenium.NoSuchElementException: Can't locate an element by this strategy: By.chained({By.id: com.fdbr.android.debug:id/labelHello})
      	at io.appium.java_client.pagefactory.AppiumElementLocator.findElement(AppiumElementLocator.java:126)
      	at io.appium.java_client.pagefactory.interceptors.InterceptorOfASingleElement.intercept(InterceptorOfASingleElement.java:60)
      	at io.appium.java_client.android.AndroidElement$$EnhancerByCGLIB$$b598166c.isDisplayed(<generated>)
      	at org.openqa.selenium.support.ui.ExpectedConditions.elementIfVisible(ExpectedConditions.java:315)
      	at org.openqa.selenium.support.ui.ExpectedConditions.access$100(ExpectedConditions.java:44)
      	at org.openqa.selenium.support.ui.ExpectedConditions$10.apply(ExpectedConditions.java:301)
      	at org.openqa.selenium.support.ui.ExpectedConditions$10.apply(ExpectedConditions.java:298)
      	at org.openqa.selenium.support.ui.FluentWait.until(FluentWait.java:248)
      	at pageObjects.ActionBase.isElementPresent(ActionBase.java:45)
      	at pageObjects.HomeScreen.verifyHomescreen(HomeScreen.java:88)
      	at stepDefinitions.LoginSteps.User_should_be_directed_to_homescreen(LoginSteps.java:29)
      	at java.base/jdk.internal.reflect.NativeMethodAccessorImpl.invoke0(Native Method)
      	at java.base/jdk.internal.reflect.NativeMethodAccessorImpl.invoke(NativeMethodAccessorImpl.java:62)
      	at java.base/jdk.internal.reflect.DelegatingMethodAccessorImpl.invoke(DelegatingMethodAccessorImpl.java:43)
      	at java.base/java.lang.reflect.Method.invoke(Method.java:566)
      	at cucumber.runtime.Utils$1.call(Utils.java:40)
      	at cucumber.runtime.Timeout.timeout(Timeout.java:16)
      	at cucumber.runtime.Utils.invoke(Utils.java:34)
      	at cucumber.runtime.java.JavaStepDefinition.execute(JavaStepDefinition.java:38)
      	at cucumber.runtime.StepDefinitionMatch.runStep(StepDefinitionMatch.java:37)
      	at cucumber.runtime.Runtime.runStep(Runtime.java:300)
      	at cucumber.runtime.model.StepContainer.runStep(StepContainer.java:44)
      	at cucumber.runtime.model.StepContainer.runSteps(StepContainer.java:39)
      	at cucumber.runtime.model.CucumberScenario.run(CucumberScenario.java:44)
      	at cucumber.runtime.model.CucumberScenarioOutline.run(CucumberScenarioOutline.java:46)
      	at cucumber.runtime.model.CucumberFeature.run(CucumberFeature.java:165)
      	at cucumber.api.testng.TestNGCucumberRunner.runCucumber(TestNGCucumberRunner.java:63)
      	at cucumber.api.testng.AbstractTestNGCucumberTests.feature(AbstractTestNGCucumberTests.java:21)
      	at java.base/jdk.internal.reflect.NativeMethodAccessorImpl.invoke0(Native Method)
      	at java.base/jdk.internal.reflect.NativeMethodAccessorImpl.invoke(NativeMethodAccessorImpl.java:62)
      	at java.base/jdk.internal.reflect.DelegatingMethodAccessorImpl.invoke(DelegatingMethodAccessorImpl.java:43)
      	at java.base/java.lang.reflect.Method.invoke(Method.java:566)
      	at org.testng.internal.MethodInvocationHelper.invokeMethod(MethodInvocationHelper.java:124)
      	at org.testng.internal.Invoker.invokeMethod(Invoker.java:583)
      	at org.testng.internal.Invoker.invokeTestMethod(Invoker.java:719)
      	at org.testng.internal.Invoker.invokeTestMethods(Invoker.java:989)
      	at org.testng.internal.TestMethodWorker.invokeTestMethods(TestMethodWorker.java:125)
      	at org.testng.internal.TestMethodWorker.run(TestMethodWorker.java:109)
      	at org.testng.TestRunner.privateRun(TestRunner.java:648)
      	at org.testng.TestRunner.run(TestRunner.java:505)
      	at org.testng.SuiteRunner.runTest(SuiteRunner.java:455)
      	at org.testng.SuiteRunner.runSequentially(SuiteRunner.java:450)
      	at org.testng.SuiteRunner.privateRun(SuiteRunner.java:415)
      	at org.testng.SuiteRunner.run(SuiteRunner.java:364)
      	at org.testng.SuiteRunnerWorker.runSuite(SuiteRunnerWorker.java:52)
      	at org.testng.SuiteRunnerWorker.run(SuiteRunnerWorker.java:84)
      	at org.testng.TestNG.runSuitesSequentially(TestNG.java:1208)
      	at org.testng.TestNG.runSuitesLocally(TestNG.java:1137)
      	at org.testng.TestNG.runSuites(TestNG.java:1049)
      	at org.testng.TestNG.run(TestNG.java:1017)
      	at org.apache.maven.surefire.testng.TestNGExecutor.run(TestNGExecutor.java:283)
      	at org.apache.maven.surefire.testng.TestNGXmlTestSuite.execute(TestNGXmlTestSuite.java:75)
      	at org.apache.maven.surefire.testng.TestNGProvider.invoke(TestNGProvider.java:120)
      	at org.apache.maven.surefire.booter.ForkedBooter.invokeProviderInSameClassLoader(ForkedBooter.java:383)
      	at org.apache.maven.surefire.booter.ForkedBooter.runSuitesInProcess(ForkedBooter.java:344)
      	at org.apache.maven.surefire.booter.ForkedBooter.execute(ForkedBooter.java:125)
      	at org.apache.maven.surefire.booter.ForkedBooter.main(ForkedBooter.java:417)
      Caused by: org.openqa.selenium.TimeoutException: Expected condition failed: waiting for io.appium.java_client.pagefactory.AppiumElementLocator$WaitingFunction@7555000d (tried for 1 second(s) with 500 milliseconds interval)
      	at org.openqa.selenium.support.ui.FluentWait.timeoutException(FluentWait.java:303)
      	at org.openqa.selenium.support.ui.FluentWait.until(FluentWait.java:271)
      	at io.appium.java_client.pagefactory.AppiumElementLocator.waitFor(AppiumElementLocator.java:99)
      	at io.appium.java_client.pagefactory.AppiumElementLocator.findElement(AppiumElementLocator.java:119)
      	... 56 more
      Caused by: org.openqa.selenium.NoSuchElementException: Cannot locate an element using By.chained({By.id: com.fdbr.android.debug:id/labelHello})
      For documentation on this error, please visit: http://seleniumhq.org/exceptions/no_such_element.html
      Build info: version: '3.12.0', revision: '7c6e0b3', time: '2018-05-08T14:04:26.12Z'
      System info: host: 'FDN-Prasetyos-MacBook-Pro.local', ip: 'fe80:0:0:0:1cbb:860e:c81a:c7c5%en0', os.name: 'Mac OS X', os.arch: 'x86_64', os.version: '10.15.1', java.version: '11.0.4'
      Driver info: driver.version: AndroidDriver
      	at io.appium.java_client.pagefactory.bys.builder.ByChained.findElement(ByChained.java:74)
      	at org.openqa.selenium.remote.RemoteWebDriver.findElement(RemoteWebDriver.java:309)
      	at io.appium.java_client.DefaultGenericMobileDriver.findElement(DefaultGenericMobileDriver.java:58)
      	at io.appium.java_client.AppiumDriver.findElement(AppiumDriver.java:1)
      	at io.appium.java_client.android.AndroidDriver.findElement(AndroidDriver.java:1)
      	at io.appium.java_client.pagefactory.bys.ContentMappedBy.findElement(ContentMappedBy.java:50)
      	at org.openqa.selenium.remote.RemoteWebDriver.findElement(RemoteWebDriver.java:309)
      	at io.appium.java_client.DefaultGenericMobileDriver.findElement(DefaultGenericMobileDriver.java:58)
      	at io.appium.java_client.AppiumDriver.findElement(AppiumDriver.java:1)
      	at io.appium.java_client.android.AndroidDriver.findElement(AndroidDriver.java:1)
      	at io.appium.java_client.pagefactory.AppiumElementLocator.lambda$0(AppiumElementLocator.java:120)
      	at io.appium.java_client.pagefactory.AppiumElementLocator$WaitingFunction.apply(AppiumElementLocator.java:172)
      	at io.appium.java_client.pagefactory.AppiumElementLocator$WaitingFunction.apply(AppiumElementLocator.java:1)
      	at org.openqa.selenium.support.ui.FluentWait.until(FluentWait.java:248)
      	... 58 more

    And User can see product matches                           # LoginSteps.user_can_see_product_matches()
]]></system-out>
    <system-err><![CDATA[Dec 27, 2019 6:50:56 PM io.appium.java_client.remote.AppiumCommandExecutor$1 lambda$0
INFO: Detected dialect: W3C
]]></system-err>
  </testcase>
</testsuite>